0 info it worked if it ends with ok
1 verbose cli [ 'C:\\MyWork\\DevelopmentTool\\nodejs\\node.exe',
1 verbose cli   'C:\\MyWork\\DevelopmentTool\\nodejs\\node_modules\\npm\\bin\\npm-cli.js',
1 verbose cli   'install',
1 verbose cli   '-g',
1 verbose cli   'node-curl' ]
2 info using npm@2.14.3
3 info using node@v4.1.0
4 verbose install initial load of C:\Users\i311688\AppData\Roaming\npm\package.json
5 verbose readDependencies loading dependencies from C:\Users\i311688\AppData\Roaming\npm\package.json
6 silly cache add args [ 'node-curl', null ]
7 verbose cache add spec node-curl
8 silly cache add parsed spec Result {
8 silly cache add   raw: 'node-curl',
8 silly cache add   scope: null,
8 silly cache add   name: 'node-curl',
8 silly cache add   rawSpec: '',
8 silly cache add   spec: '*',
8 silly cache add   type: 'range' }
9 silly addNamed node-curl@*
10 verbose addNamed "*" is a valid semver range for node-curl
11 silly addNameRange { name: 'node-curl', range: '*', hasData: false }
12 silly mapToRegistry name node-curl
13 silly mapToRegistry using default registry
14 silly mapToRegistry registry https://registry.npmjs.org/
15 silly mapToRegistry uri https://registry.npmjs.org/node-curl
16 verbose addNameRange registry:https://registry.npmjs.org/node-curl not in flight; fetching
17 verbose request uri https://registry.npmjs.org/node-curl
18 verbose request no auth needed
19 info attempt registry request try #1 at 9:07:02 AM
20 verbose request id cd5ad4dad7322b21
21 http request GET https://registry.npmjs.org/node-curl
22 http 200 https://registry.npmjs.org/node-curl
23 silly get cb [ 200,
23 silly get   { server: 'CouchDB/1.5.0 (Erlang OTP/R16B03)',
23 silly get     etag: '"CMQZMUSITTYV3855K10R0K7KN"',
23 silly get     'content-type': 'application/json',
23 silly get     'cache-control': 'max-age=60',
23 silly get     'content-length': '20404',
23 silly get     'accept-ranges': 'bytes',
23 silly get     date: 'Thu, 24 Sep 2015 01:07:08 GMT',
23 silly get     via: '1.1 varnish',
23 silly get     age: '0',
23 silly get     connection: 'close',
23 silly get     'x-served-by': 'cache-hkg6821-HKG',
23 silly get     'x-cache': 'MISS',
23 silly get     'x-cache-hits': '0',
23 silly get     'x-timer': 'S1443056828.003546,VS0,VE479',
23 silly get     vary: 'Accept' } ]
24 verbose get saving node-curl to C:\Users\i311688\AppData\Roaming\npm-cache\registry.npmjs.org\node-curl\.cache.json
25 silly addNameRange number 2 { name: 'node-curl', range: '*', hasData: true }
26 silly addNameRange versions [ 'node-curl',
26 silly addNameRange   [ '0.1.0',
26 silly addNameRange     '0.1.1',
26 silly addNameRange     '0.1.2',
26 silly addNameRange     '0.1.3',
26 silly addNameRange     '0.1.4',
26 silly addNameRange     '0.1.5',
26 silly addNameRange     '0.1.6',
26 silly addNameRange     '0.1.7',
26 silly addNameRange     '0.1.8',
26 silly addNameRange     '0.2.0',
26 silly addNameRange     '0.2.1',
26 silly addNameRange     '0.2.2',
26 silly addNameRange     '0.2.3',
26 silly addNameRange     '0.3.0',
26 silly addNameRange     '0.3.1',
26 silly addNameRange     '0.3.3' ] ]
27 silly addNamed node-curl@0.3.3
28 verbose addNamed "0.3.3" is a plain semver version for node-curl
29 silly mapToRegistry name node-curl
30 silly mapToRegistry using default registry
31 silly mapToRegistry registry https://registry.npmjs.org/
32 silly mapToRegistry uri https://registry.npmjs.org/node-curl
33 verbose addRemoteTarball https://registry.npmjs.org/node-curl/-/node-curl-0.3.3.tgz not in flight; adding
34 verbose addRemoteTarball [ 'https://registry.npmjs.org/node-curl/-/node-curl-0.3.3.tgz',
34 verbose addRemoteTarball   '71274370774c2298b860307a9e45877701638735' ]
35 info retry fetch attempt 1 at 9:07:08 AM
36 info attempt registry request try #1 at 9:07:08 AM
37 http fetch GET https://registry.npmjs.org/node-curl/-/node-curl-0.3.3.tgz
38 http fetch 200 https://registry.npmjs.org/node-curl/-/node-curl-0.3.3.tgz
39 silly fetchAndShaCheck shasum 71274370774c2298b860307a9e45877701638735
40 verbose addTmpTarball C:\Users\i311688\AppData\Local\Temp\npm-10048-48594659\registry.npmjs.org\node-curl\-\node-curl-0.3.3.tgz not in flight; adding
41 verbose addTmpTarball already have metadata; skipping unpack for node-curl@0.3.3
42 silly cache afterAdd node-curl@0.3.3
43 verbose afterAdd C:\Users\i311688\AppData\Roaming\npm-cache\node-curl\0.3.3\package\package.json not in flight; writing
44 verbose afterAdd C:\Users\i311688\AppData\Roaming\npm-cache\node-curl\0.3.3\package\package.json written
45 silly install resolved [ { name: 'node-curl',
45 silly install resolved     version: '0.3.3',
45 silly install resolved     author: { name: 'Jiang Miao', email: 'jiangfriend@gmail.com' },
45 silly install resolved     description: 'node wrapper for multi curl, fully implemented.',
45 silly install resolved     keywords: [ 'node-curl', 'curl', 'multi-curl', 'mcurl' ],
45 silly install resolved     homepage: 'http://github.com/jiangmiao/node-curl',
45 silly install resolved     repository: { type: 'git', url: 'git://github.com/jiangmiao/node-curl.git' },
45 silly install resolved     main: './lib',
45 silly install resolved     scripts: { install: 'sh src/generate_curl_options_list.sh && (node-gyp rebuild || node-waf configure build)' },
45 silly install resolved     engines: { node: '>= 0.6.0' },
45 silly install resolved     bugs: { url: 'https://github.com/jiangmiao/node-curl/issues' },
45 silly install resolved     _id: 'node-curl@0.3.3',
45 silly install resolved     _shasum: '71274370774c2298b860307a9e45877701638735',
45 silly install resolved     _resolved: 'https://registry.npmjs.org/node-curl/-/node-curl-0.3.3.tgz',
45 silly install resolved     _from: 'node-curl@*',
45 silly install resolved     _npmVersion: '1.4.23',
45 silly install resolved     _npmUser: { name: 'jiangmiao', email: 'jiangfriend@gmail.com' },
45 silly install resolved     maintainers: [ [Object] ],
45 silly install resolved     dist:
45 silly install resolved      { shasum: '71274370774c2298b860307a9e45877701638735',
45 silly install resolved        tarball: 'http://registry.npmjs.org/node-curl/-/node-curl-0.3.3.tgz' },
45 silly install resolved     directories: {} } ]
46 info install node-curl@0.3.3 into C:\Users\i311688\AppData\Roaming\npm
47 info installOne node-curl@0.3.3
48 verbose installOne of node-curl to C:\Users\i311688\AppData\Roaming\npm not in flight; installing
49 verbose lock using C:\Users\i311688\AppData\Roaming\npm-cache\_locks\node-curl-85c2a721465dd57a.lock for C:\Users\i311688\AppData\Roaming\npm\node_modules\node-curl
50 silly install write writing node-curl 0.3.3 to C:\Users\i311688\AppData\Roaming\npm\node_modules\node-curl
51 verbose unbuild node_modules\node-curl
52 silly gentlyRm C:\Users\i311688\AppData\Roaming\npm\node_modules\node-curl is being purged from base C:\Users\i311688\AppData\Roaming\npm
53 verbose gentlyRm don't care about contents; nuking C:\Users\i311688\AppData\Roaming\npm\node_modules\node-curl
54 verbose tar unpack C:\Users\i311688\AppData\Roaming\npm-cache\node-curl\0.3.3\package.tgz
55 verbose tar unpacking to C:\Users\i311688\AppData\Roaming\npm\node_modules\node-curl
56 silly gentlyRm C:\Users\i311688\AppData\Roaming\npm\node_modules\node-curl is being purged
57 verbose gentlyRm don't care about contents; nuking C:\Users\i311688\AppData\Roaming\npm\node_modules\node-curl
58 silly gunzTarPerm modes [ '777', '666' ]
59 silly gunzTarPerm extractEntry package.json
60 silly gunzTarPerm modified mode [ 'package.json', 420, 438 ]
61 silly gunzTarPerm extractEntry .npmignore
62 silly gunzTarPerm modified mode [ '.npmignore', 420, 438 ]
63 silly gunzTarPerm extractEntry README.md
64 silly gunzTarPerm modified mode [ 'README.md', 420, 438 ]
65 silly gunzTarPerm extractEntry index.js
66 silly gunzTarPerm modified mode [ 'index.js', 420, 438 ]
67 silly gunzTarPerm extractEntry binding.gyp
68 silly gunzTarPerm modified mode [ 'binding.gyp', 420, 438 ]
69 silly gunzTarPerm extractEntry examples/curl.js
70 silly gunzTarPerm modified mode [ 'examples/curl.js', 420, 438 ]
71 silly gunzTarPerm extractEntry examples/low-level.js
72 silly gunzTarPerm modified mode [ 'examples/low-level.js', 420, 438 ]
73 silly gunzTarPerm extractEntry examples/post-multi-part.js
74 silly gunzTarPerm modified mode [ 'examples/post-multi-part.js', 420, 438 ]
75 silly gunzTarPerm extractEntry examples/test.js
76 silly gunzTarPerm modified mode [ 'examples/test.js', 420, 438 ]
77 silly gunzTarPerm extractEntry examples/low-level-pressure.js
78 silly gunzTarPerm modified mode [ 'examples/low-level-pressure.js', 420, 438 ]
79 silly gunzTarPerm extractEntry examples/test-stream.js
80 silly gunzTarPerm modified mode [ 'examples/test-stream.js', 420, 438 ]
81 silly gunzTarPerm extractEntry examples/pressure-multi-post.js
82 silly gunzTarPerm modified mode [ 'examples/pressure-multi-post.js', 420, 438 ]
83 silly gunzTarPerm extractEntry examples/test-get-info.js
84 silly gunzTarPerm modified mode [ 'examples/test-get-info.js', 420, 438 ]
85 silly gunzTarPerm extractEntry examples/test-errors.js
86 silly gunzTarPerm modified mode [ 'examples/test-errors.js', 420, 438 ]
87 silly gunzTarPerm extractEntry examples/quick-start.js
88 silly gunzTarPerm modified mode [ 'examples/quick-start.js', 420, 438 ]
89 silly gunzTarPerm extractEntry examples/post.js
90 silly gunzTarPerm modified mode [ 'examples/post.js', 420, 438 ]
91 silly gunzTarPerm extractEntry examples/pressure.js
92 silly gunzTarPerm modified mode [ 'examples/pressure.js', 420, 438 ]
93 silly gunzTarPerm extractEntry examples/pressure.toffee
94 silly gunzTarPerm modified mode [ 'examples/pressure.toffee', 420, 438 ]
95 silly gunzTarPerm extractEntry examples/curl.toffee
96 silly gunzTarPerm modified mode [ 'examples/curl.toffee', 420, 438 ]
97 silly gunzTarPerm extractEntry examples/test-errors.toffee
98 silly gunzTarPerm modified mode [ 'examples/test-errors.toffee', 420, 438 ]
99 silly gunzTarPerm extractEntry examples/pressure-multi-post.toffee
100 silly gunzTarPerm modified mode [ 'examples/pressure-multi-post.toffee', 420, 438 ]
101 silly gunzTarPerm extractEntry examples/post.toffee
102 silly gunzTarPerm modified mode [ 'examples/post.toffee', 420, 438 ]
103 silly gunzTarPerm extractEntry examples/test-stream.toffee
104 silly gunzTarPerm modified mode [ 'examples/test-stream.toffee', 420, 438 ]
105 silly gunzTarPerm extractEntry examples/post-multi-part.toffee
106 silly gunzTarPerm modified mode [ 'examples/post-multi-part.toffee', 420, 438 ]
107 silly gunzTarPerm extractEntry examples/test.toffee
108 silly gunzTarPerm modified mode [ 'examples/test.toffee', 420, 438 ]
109 silly gunzTarPerm extractEntry .travis.yml
110 silly gunzTarPerm modified mode [ '.travis.yml', 420, 438 ]
111 silly gunzTarPerm extractEntry index.toffee
112 silly gunzTarPerm modified mode [ 'index.toffee', 420, 438 ]
113 silly gunzTarPerm extractEntry lib/Curl.js
114 silly gunzTarPerm modified mode [ 'lib/Curl.js', 420, 438 ]
115 silly gunzTarPerm extractEntry lib/CurlBuilder.js
116 silly gunzTarPerm modified mode [ 'lib/CurlBuilder.js', 420, 438 ]
117 silly gunzTarPerm extractEntry lib/Curl.toffee
118 silly gunzTarPerm modified mode [ 'lib/Curl.toffee', 420, 438 ]
119 silly gunzTarPerm extractEntry lib/CurlBuilder.toffee
120 silly gunzTarPerm modified mode [ 'lib/CurlBuilder.toffee', 420, 438 ]
121 silly gunzTarPerm extractEntry LICENSE-MIT
122 silly gunzTarPerm modified mode [ 'LICENSE-MIT', 420, 438 ]
123 silly gunzTarPerm extractEntry src/generate_curl_options_list.sh
124 silly gunzTarPerm modified mode [ 'src/generate_curl_options_list.sh', 493, 511 ]
125 silly gunzTarPerm extractEntry src/node-curl.cc
126 silly gunzTarPerm modified mode [ 'src/node-curl.cc', 420, 438 ]
127 silly gunzTarPerm extractEntry src/node-curl.h
128 silly gunzTarPerm modified mode [ 'src/node-curl.h', 420, 438 ]
129 silly gunzTarPerm extractEntry wscript
130 silly gunzTarPerm modified mode [ 'wscript', 420, 438 ]
131 verbose write writing to C:\Users\i311688\AppData\Roaming\npm\node_modules\node-curl\package.json
132 info preinstall node-curl@0.3.3
133 verbose readDependencies loading dependencies from C:\Users\i311688\AppData\Roaming\npm\node_modules\node-curl\package.json
134 verbose readDependencies loading dependencies from C:\Users\i311688\AppData\Roaming\npm\node_modules\node-curl\package.json
135 silly install resolved []
136 verbose about to build C:\Users\i311688\AppData\Roaming\npm\node_modules\node-curl
137 info build C:\Users\i311688\AppData\Roaming\npm\node_modules\node-curl
138 info linkStuff node-curl@0.3.3
139 silly linkStuff node-curl@0.3.3 has C:\Users\i311688\AppData\Roaming\npm\node_modules as its parent node_modules
140 silly linkStuff node-curl@0.3.3 is part of a global install
141 silly linkStuff node-curl@0.3.3 is installed into a global node_modules
142 silly linkStuff node-curl@0.3.3 is installed into the top-level global node_modules
143 verbose linkBins node-curl@0.3.3
144 verbose linkMans node-curl@0.3.3
145 verbose rebuildBundles node-curl@0.3.3
146 info install node-curl@0.3.3
147 verbose unsafe-perm in lifecycle true
148 info node-curl@0.3.3 Failed to exec install script
149 verbose unlock done using C:\Users\i311688\AppData\Roaming\npm-cache\_locks\node-curl-85c2a721465dd57a.lock for C:\Users\i311688\AppData\Roaming\npm\node_modules\node-curl
150 verbose stack Error: node-curl@0.3.3 install: `sh src/generate_curl_options_list.sh && (node-gyp rebuild || node-waf configure build)`
150 verbose stack Exit status 1
150 verbose stack     at EventEmitter.<anonymous> (C:\MyWork\DevelopmentTool\nodejs\node_modules\npm\lib\utils\lifecycle.js:214:16)
150 verbose stack     at emitTwo (events.js:87:13)
150 verbose stack     at EventEmitter.emit (events.js:172:7)
150 verbose stack     at ChildProcess.<anonymous> (C:\MyWork\DevelopmentTool\nodejs\node_modules\npm\lib\utils\spawn.js:24:14)
150 verbose stack     at emitTwo (events.js:87:13)
150 verbose stack     at ChildProcess.emit (events.js:172:7)
150 verbose stack     at maybeClose (internal/child_process.js:817:16)
150 verbose stack     at Process.ChildProcess._handle.onexit (internal/child_process.js:211:5)
151 verbose pkgid node-curl@0.3.3
152 verbose cwd C:\MyWork\MyWorkSpaces\StudyWorkSpace\es6
153 error Windows_NT 6.1.7601
154 error argv "C:\\MyWork\\DevelopmentTool\\nodejs\\node.exe" "C:\\MyWork\\DevelopmentTool\\nodejs\\node_modules\\npm\\bin\\npm-cli.js" "install" "-g" "node-curl"
155 error node v4.1.0
156 error npm  v2.14.3
157 error code ELIFECYCLE
158 error node-curl@0.3.3 install: `sh src/generate_curl_options_list.sh && (node-gyp rebuild || node-waf configure build)`
158 error Exit status 1
159 error Failed at the node-curl@0.3.3 install script 'sh src/generate_curl_options_list.sh && (node-gyp rebuild || node-waf configure build)'.
159 error This is most likely a problem with the node-curl package,
159 error not with npm itself.
159 error Tell the author that this fails on your system:
159 error     sh src/generate_curl_options_list.sh && (node-gyp rebuild || node-waf configure build)
159 error You can get their info via:
159 error     npm owner ls node-curl
159 error There is likely additional logging output above.
160 verbose exit [ 1, true ]
161 verbose unbuild node_modules\node-curl
162 info preuninstall node-curl@0.3.3
163 info uninstall node-curl@0.3.3
164 verbose unbuild rmStuff node-curl@0.3.3 from C:\Users\i311688\AppData\Roaming\npm\node_modules
165 info postuninstall node-curl@0.3.3
166 silly gentlyRm C:\Users\i311688\AppData\Roaming\npm\node_modules\node-curl is being purged from base C:\Users\i311688\AppData\Roaming\npm
167 verbose gentlyRm don't care about contents; nuking C:\Users\i311688\AppData\Roaming\npm\node_modules\node-curl
168 silly vacuum-fs purging C:\Users\i311688\AppData\Roaming\npm\node_modules\node-curl
169 silly vacuum-fs quitting because other entries in C:\Users\i311688\AppData\Roaming\npm\node_modules
